<?xml version="1.0" encoding="UTF-8"?>
<!-- Generated by org.testng.reporters.JUnitReportReporter -->
<testsuite skipped="0" hostname="DESKTOP-TSFO82F" name="com.craftsvilla.testscripts.LinenSareesScripts" tests="1" failures="0" timestamp="2019-11-18T06:32:59 PST" time="9.291" errors="0">
  <testcase name="tc_o1_buyLinenSaree" time="9.291" classname="com.craftsvilla.testscripts.LinenSareesScripts"/>
</testsuite> <!-- com.craftsvilla.testscripts.LinenSareesScripts -->
