<?xml version="1.0" encoding="UTF-8"?>
<!-- Generated by org.testng.reporters.JUnitReportReporter -->
<testsuite skipped="0" hostname="DESKTOP-TSFO82F" name="com.craftsvilla.testscripts.LoginScripts" tests="1" failures="0" timestamp="2019-11-19T11:32:51 PST" time="10.860" errors="0">
  <testcase name="TC_01_Login" time="10.860" classname="com.craftsvilla.testscripts.LoginScripts"/>
</testsuite> <!-- com.craftsvilla.testscripts.LoginScripts -->
